#
# There is insufficient memory for the Java Runtime Environment to continue.
# Native memory allocation (mmap) failed to map 260046848 bytes for Failed to commit area from 0x0000000709600000 to 0x0000000718e00000 of length 260046848.
# Possible reasons:
#   The system is out of physical RAM or swap space
#   The process is running with CompressedOops enabled, and the Java Heap may be blocking the growth of the native heap
# Possible solutions:
#   Reduce memory load on the system
#   Increase physical memory or swap space
#   Check if swap backing store is full
#   Decrease Java heap size (-Xmx/-Xms)
#   Decrease number of Java threads
#   Decrease Java thread stack sizes (-Xss)
#   Set larger code cache with -XX:ReservedCodeCacheSize=
# This output file may be truncated or incomplete.
#
#  Out of Memory Error (./src/hotspot/os/windows/os_windows.cpp:3301), pid=17980, tid=29212
#
# JRE version:  (11.0.10) (build )
# Java VM: OpenJDK 64-Bit Server VM (11.0.10+0-b96-7249189, mixed mode, sharing, tiered, compressed oops, g1 gc, windows-amd64)
# No core dump will be written. Minidumps are not enabled by default on client versions of Windows
#

---------------  S U M M A R Y ------------

Command Line: org.jetbrains.git4idea.http.GitAskPassApp Username for 'https://github.com': 

Host: AMD Ryzen 7 5800H with Radeon Graphics         , 16 cores, 15G,  Windows 10 , 64 bit Build 19041 (10.0.19041.1202)
Time: Sun Oct  3 11:27:29 2021 Sri Lanka Standard Time elapsed time: 0.010802 seconds (0d 0h 0m 0s)

---------------  T H R E A D  ---------------

Current thread (0x0000019928fbb800):  JavaThread "Unknown thread" [_thread_in_vm, id=29212, stack(0x0000007b07300000,0x0000007b07400000)]

Stack: [0x0000007b07300000,0x0000007b07400000]
Native frames: (J=compiled Java code, j=interpreted, Vv=VM code, C=native code)
V  [jvm.dll+0x5ecfaa]
V  [jvm.dll+0x722bd5]
V  [jvm.dll+0x72412d]
V  [jvm.dll+0x7247e3]
V  [jvm.dll+0x242928]
V  [jvm.dll+0x5ea374]
V  [jvm.dll+0x5df425]
V  [jvm.dll+0x2fdebb]
V  [jvm.dll+0x2fde2a]
V  [jvm.dll+0x2fdd02]
V  [jvm.dll+0x302bf6]
V  [jvm.dll+0x34b2a3]
V  [jvm.dll+0x34b9a6]
V  [jvm.dll+0x34b3a3]
V  [jvm.dll+0x2d8888]
V  [jvm.dll+0x2d9a37]
V  [jvm.dll+0x701737]
V  [jvm.dll+0x702f2c]
V  [jvm.dll+0x3587d9]
V  [jvm.dll+0x6e4fae]
V  [jvm.dll+0x3c0be3]
V  [jvm.dll+0x3c2e91]
C  [jli.dll+0x5373]
C  [ucrtbase.dll+0x21bb2]
C  [KERNEL32.DLL+0x17034]
C  [ntdll.dll+0x52651]


---------------  P R O C E S S  ---------------

Threads class SMR info:
_java_thread_list=0x000001992753fc80, length=0, elements={
}

Java Threads: ( => current thread )

Other Threads:
  0x0000019928fd2000 GCTaskThread "GC Thread#0" [stack: 0x0000007b07400000,0x0000007b07500000] [id=3456]
  0x000001992902c800 ConcurrentGCThread "G1 Main Marker" [stack: 0x0000007b07500000,0x0000007b07600000] [id=20384]
  0x0000019929031000 ConcurrentGCThread "G1 Conc#0" [stack: 0x0000007b07600000,0x0000007b07700000] [id=15284]

[error occurred during error reporting (printing all threads), id 0xc0000005, EXCEPTION_ACCESS_VIOLATION (0xc0000005) at pc=0x00007fff35cc9107]

VM state:not at safepoint (not fully initialized)

VM Mutex/Monitor currently owned by a thread:  ([mutex/lock_event])
[0x0000019928fb71a0] Heap_lock - owner thread: 0x0000019928fbb800

Heap address: 0x0000000709600000, size: 3946 MB, Compressed Oops mode: Non-zero based: 0x0000000709600000
Narrow klass base: 0x0000000000000000, Narrow klass shift: 0

GC Heap History (0 events):
No events

Deoptimization events (0 events):
No events

Classes redefined (0 events):
No events

Internal exceptions (0 events):
No events

Events (1 events):
Event: 0.006 Loaded shared library C:\Program Files\Android\Android Studio\jre\bin\zip.dll


Dynamic libraries:
0x00007ff6e64e0000 - 0x00007ff6e64ea000 	C:\Program Files\Android\Android Studio\jre\bin\java.exe
0x00007fffba5b0000 - 0x00007fffba7a5000 	C:\WINDOWS\SYSTEM32\ntdll.dll
0x00007fffb9e30000 - 0x00007fffb9eee000 	C:\WINDOWS\System32\KERNEL32.DLL
0x00007fffb7cd0000 - 0x00007fffb7f99000 	C:\WINDOWS\System32\KERNELBASE.dll
0x00007fffb7fa0000 - 0x00007fffb80a0000 	C:\WINDOWS\System32\ucrtbase.dll
0x00007fff95fd0000 - 0x00007fff95fe7000 	C:\Program Files\Android\Android Studio\jre\bin\VCRUNTIME140.dll
0x00007fff98e70000 - 0x00007fff98e89000 	C:\Program Files\Android\Android Studio\jre\bin\jli.dll
0x00007fffb8f80000 - 0x00007fffb9121000 	C:\WINDOWS\System32\USER32.dll
0x00007fffb85d0000 - 0x00007fffb85f2000 	C:\WINDOWS\System32\win32u.dll
0x00007fffa6380000 - 0x00007fffa661a000 	C:\WINDOWS\WinSxS\amd64_microsoft.windows.common-controls_6595b64144ccf1df_6.0.19041.1110_none_60b5254171f9507e\COMCTL32.dll
0x00007fffb9890000 - 0x00007fffb98bb000 	C:\WINDOWS\System32\GDI32.dll
0x00007fffba230000 - 0x00007fffba2ce000 	C:\WINDOWS\System32\msvcrt.dll
0x00007fffb8300000 - 0x00007fffb840b000 	C:\WINDOWS\System32\gdi32full.dll
0x00007fffb8120000 - 0x00007fffb81bd000 	C:\WINDOWS\System32\msvcp_win.dll
0x00007fffb8f50000 - 0x00007fffb8f80000 	C:\WINDOWS\System32\IMM32.DLL
0x00007fff6fed0000 - 0x00007fff6ff6d000 	C:\Program Files\Android\Android Studio\jre\bin\msvcp140.dll
0x00007fff359e0000 - 0x00007fff364af000 	C:\Program Files\Android\Android Studio\jre\bin\server\jvm.dll
0x00007fffba2d0000 - 0x00007fffba37c000 	C:\WINDOWS\System32\ADVAPI32.dll
0x00007fffb9a10000 - 0x00007fffb9aab000 	C:\WINDOWS\System32\sechost.dll
0x00007fffb8e20000 - 0x00007fffb8f4a000 	C:\WINDOWS\System32\RPCRT4.dll
0x00007fffb95b0000 - 0x00007fffb95b8000 	C:\WINDOWS\System32\PSAPI.DLL
0x00007fffa61a0000 - 0x00007fffa61a9000 	C:\WINDOWS\SYSTEM32\WSOCK32.dll
0x00007fffb09b0000 - 0x00007fffb09d7000 	C:\WINDOWS\SYSTEM32\WINMM.dll
0x00007fffb0cb0000 - 0x00007fffb0cba000 	C:\WINDOWS\SYSTEM32\VERSION.dll
0x00007fffb99a0000 - 0x00007fffb9a0b000 	C:\WINDOWS\System32\WS2_32.dll
0x00007fffb6550000 - 0x00007fffb6562000 	C:\WINDOWS\SYSTEM32\kernel.appcore.dll
0x00007fff90be0000 - 0x00007fff90bf1000 	C:\Program Files\Android\Android Studio\jre\bin\verify.dll
0x00007fffb5b40000 - 0x00007fffb5d24000 	C:\WINDOWS\SYSTEM32\DBGHELP.DLL
0x00007fffac860000 - 0x00007fffac88c000 	C:\WINDOWS\SYSTEM32\dbgcore.DLL
0x00007fffb8270000 - 0x00007fffb82f3000 	C:\WINDOWS\System32\bcryptPrimitives.dll
0x00007fff8bca0000 - 0x00007fff8bcc9000 	C:\Program Files\Android\Android Studio\jre\bin\java.dll
0x00007fff9a070000 - 0x00007fff9a07b000 	C:\Program Files\Android\Android Studio\jre\bin\jimage.dll
0x00007fff8fa50000 - 0x00007fff8fa68000 	C:\Program Files\Android\Android Studio\jre\bin\zip.dll

dbghelp: loaded successfully - version: 4.0.5 - missing functions: none
symbol engine: initialized successfully - sym options: 0x614 - pdb path: .;C:\Program Files\Android\Android Studio\jre\bin;C:\WINDOWS\SYSTEM32;C:\WINDOWS\WinSxS\amd64_microsoft.windows.common-controls_6595b64144ccf1df_6.0.19041.1110_none_60b5254171f9507e;C:\Program Files\Android\Android Studio\jre\bin\server

VM Arguments:
java_command: org.jetbrains.git4idea.http.GitAskPassApp Username for 'https://github.com': 
java_class_path (initial): C:/Program Files/Android/Android Studio/plugins/git4idea/lib/git4idea-rt.jar;C:/Program Files/Android/Android Studio/lib/xmlrpc-2.0.1.jar;C:/Program Files/Android/Android Studio/lib/commons-codec-1.14.jar
Launcher Type: SUN_STANDARD

[Global flags]
     intx CICompilerCount                          = 12                                        {product} {ergonomic}
     uint ConcGCThreads                            = 3                                         {product} {ergonomic}
     uint G1ConcRefinementThreads                  = 13                                        {product} {ergonomic}
   size_t G1HeapRegionSize                         = 1048576                                   {product} {ergonomic}
    uintx GCDrainStackTargetSize                   = 64                                        {product} {ergonomic}
   size_t InitialHeapSize                          = 260046848                                 {product} {ergonomic}
   size_t MarkStackSize                            = 4194304                                   {product} {ergonomic}
   size_t MaxHeapSize                              = 4137680896                                {product} {ergonomic}
   size_t MinHeapDeltaBytes                        = 1048576                                   {product} {ergonomic}
    uintx NonNMethodCodeHeapSize                   = 7594288                                {pd product} {ergonomic}
    uintx NonProfiledCodeHeapSize                  = 122031976                              {pd product} {ergonomic}
    uintx ProfiledCodeHeapSize                     = 122031976                              {pd product} {ergonomic}
    uintx ReservedCodeCacheSize                    = 251658240                              {pd product} {ergonomic}
     bool SegmentedCodeCache                       = true                                      {product} {ergonomic}
     bool UseCompressedClassPointers               = true                                 {lp64_product} {ergonomic}
     bool UseCompressedOops                        = true                                 {lp64_product} {ergonomic}
     bool UseG1GC                                  = true                                      {product} {ergonomic}
     bool UseLargePagesIndividualAllocation        = false                                  {pd product} {ergonomic}

Logging:
Log output configuration:
 #0: stdout all=warning uptime,level,tags
 #1: stderr all=off uptime,level,tags

Environment Variables:
PATH=C:/Program Files/Git/mingw64/libexec/git-core;C:/Program Files/Git/mingw64/libexec/git-core;C:\Program Files\Git\mingw64\bin;C:\Program Files\Git\usr\bin;C:\Users\Naweed\bin;C:\WINDOWS\system32;C:\WINDOWS;C:\WINDOWS\System32\Wbem;C:\WINDOWS\System32\WindowsPowerShell\v1.0\;C:\WINDOWS\System32\OpenSSH\;C:\Program Files\dotnet\;C:\Program Files\Microsoft SQL Server\130\Tools\Binn\;C:\Program Files\Microsoft SQL Server\Client SDK\ODBC\170\Tools\Binn\;C:\Program Files\Git\cmd;C:\Users\Naweed\AppData\Local\Microsoft\WindowsApps;C:\Users\Naweed\.dotnet\tools
USERNAME=Naweed
DISPLAY=:0.0
LC_ALL=en_US.UTF-8
OS=Windows_NT
PROCESSOR_IDENTIFIER=AMD64 Family 25 Model 80 Stepping 0, AuthenticAMD



---------------  S Y S T E M  ---------------

OS: Windows 10 , 64 bit Build 19041 (10.0.19041.1202)
OS uptime: 4 days 1:29 hours

CPU:total 16 (initial active 16) (16 cores per cpu, 2 threads per core) family 25 model 80 stepping 0 microcode 0x0, cmov, cx8, fxsr, mmx, sse, sse2, sse3, ssse3, sse4.1, sse4.2, popcnt, avx, avx2, aes, clmul, erms, mmxext, 3dnowpref, lzcnt, sse4a, ht, tsc, tscinvbit, tscinv, bmi1, bmi2,

Memory: 4k page, system-wide physical 15776M (5770M free)
TotalPageFile size 46889M (AvailPageFile size 193M)
current process WorkingSet (physical memory assigned to process): 10M, peak: 10M
current process commit charge ("private bytes"): 71M, peak: 319M

vm_info: OpenJDK 64-Bit Server VM (11.0.10+0-b96-7249189) for windows-amd64 JRE (11.0.10+0-b96-7249189), built on Mar 31 2021 21:44:00 by "builder" with MS VC++ 14.0 (VS2015)

END.
